<?xml version="1.0" encoding="UTF-8"?>
<!-- Generated by org.testng.reporters.JUnitXMLReporter -->
<testsuite hostname="Success" ignored="0" name="Default test" tests="4" failures="0" timestamp="08 Nov 2021 02:44:29 GMT" time="0.069" errors="0">
  <testcase name="tc0" time="0.013" classname="org.Test.ParallelExecution"/>
  <testcase name="tc1" time="0.003" classname="org.Test.ParallelExecution"/>
  <testcase name="tc2" time="0.002" classname="org.Test.ParallelExecution"/>
  <testcase name="tc3" time="0.002" classname="org.Test.ParallelExecution"/>
</testsuite> <!-- Default test -->
