<?xml version="1.0" encoding="UTF-8"?>
<!-- Generated by org.testng.reporters.JUnitXMLReporter -->
<testsuite hostname="Success" ignored="0" name="Test2" tests="4" failures="0" timestamp="08 Nov 2021 03:11:27 GMT" time="0.114" errors="0">
  <testcase name="tc10" time="0.016" classname="org.Test.ParallelExecution2"/>
  <testcase name="tc11" time="0.006" classname="org.Test.ParallelExecution2"/>
  <testcase name="tc8" time="0.005" classname="org.Test.ParallelExecution2"/>
  <testcase name="tc9" time="0.005" classname="org.Test.ParallelExecution2"/>
</testsuite> <!-- Test2 -->
