<?xml version="1.0" encoding="UTF-8"?>
<!-- Generated by org.testng.reporters.JUnitXMLReporter -->
<testsuite hostname="Success" ignored="0" name="Test" tests="12" failures="0" timestamp="08 Nov 2021 02:51:10 GMT" time="0.082" errors="0">
  <testcase name="tc4" time="0.014" classname="org.Test.ParallelExecution1"/>
  <testcase name="tc10" time="0.014" classname="org.Test.ParallelExecution2"/>
  <testcase name="tc0" time="0.014" classname="org.Test.ParallelExecution"/>
  <testcase name="tc11" time="0.003" classname="org.Test.ParallelExecution2"/>
  <testcase name="tc5" time="0.007" classname="org.Test.ParallelExecution1"/>
  <testcase name="tc1" time="0.007" classname="org.Test.ParallelExecution"/>
  <testcase name="tc8" time="0.002" classname="org.Test.ParallelExecution2"/>
  <testcase name="tc9" time="0.002" classname="org.Test.ParallelExecution2"/>
  <testcase name="tc6" time="0.005" classname="org.Test.ParallelExecution1"/>
  <testcase name="tc2" time="0.004" classname="org.Test.ParallelExecution"/>
  <testcase name="tc7" time="0.004" classname="org.Test.ParallelExecution1"/>
  <testcase name="tc3" time="0.003" classname="org.Test.ParallelExecution"/>
</testsuite> <!-- Test -->
