<?xml version="1.0" encoding="UTF-8"?>
<!-- Generated by org.testng.reporters.JUnitXMLReporter -->
<testsuite hostname="Success" ignored="0" name="Test0" tests="4" failures="0" timestamp="08 Nov 2021 03:11:27 GMT" time="0.094" errors="0">
  <testcase name="tc0" time="0.016" classname="org.Test.ParallelExecution"/>
  <testcase name="tc1" time="0.005" classname="org.Test.ParallelExecution"/>
  <testcase name="tc2" time="0.006" classname="org.Test.ParallelExecution"/>
  <testcase name="tc3" time="0.02" classname="org.Test.ParallelExecution"/>
</testsuite> <!-- Test0 -->
