<?xml version="1.0" encoding="UTF-8"?>
<!-- Generated by org.testng.reporters.JUnitXMLReporter -->
<testsuite hostname="Success" ignored="1" name="Test(failed)" tests="10" failures="2" timestamp="08 Nov 2021 02:21:21 GMT" time="0.12" errors="0">
  <testcase name="tc1" time="0.014" classname="org.Test.ReRun">
    <skipped/>
  </testcase> <!-- tc1 -->
  <testcase name="tc1" time="0.002" classname="org.Test.ReRun">
    <skipped/>
  </testcase> <!-- tc1 -->
  <testcase name="tc1" time="0.001" classname="org.Test.ReRun">
    <skipped/>
  </testcase> <!-- tc1 -->
  <testcase name="tc1" time="0.002" classname="org.Test.ReRun">
    <skipped/>
  </testcase> <!-- tc1 -->
  <testcase name="tc1" time="0.002" classname="org.Test.ReRun">
    <failure type="java.lang.AssertionError" message="expected [true] but found [false]">
      <![CDATA[java.lang.AssertionError: expected [true] but found [false]
at org.Test.ReRun.tc1(ReRun.java:14)
... Removed 29 stack frames]]>
    </failure>
  </testcase> <!-- tc1 -->
  <testcase name="tc2" time="0.002" classname="org.Test.ReRun">
    <skipped/>
  </testcase> <!-- tc2 -->
  <testcase name="tc2" time="0.002" classname="org.Test.ReRun">
    <skipped/>
  </testcase> <!-- tc2 -->
  <testcase name="tc2" time="0.004" classname="org.Test.ReRun">
    <skipped/>
  </testcase> <!-- tc2 -->
  <testcase name="tc2" time="0.0" classname="org.Test.ReRun">
    <skipped/>
  </testcase> <!-- tc2 -->
  <testcase name="tc2" time="0.001" classname="org.Test.ReRun">
    <failure type="java.lang.AssertionError" message="expected [true] but found [false]">
      <![CDATA[java.lang.AssertionError: expected [true] but found [false]
at org.Test.ReRun.tc2(ReRun.java:19)
... Removed 29 stack frames]]>
    </failure>
  </testcase> <!-- tc2 -->
  <testcase name="tc0" time="0.0" classname="org.Test.ReRun">
    <ignored/>
  </testcase> <!-- tc0 -->
</testsuite> <!-- Test(failed) -->
