<?xml version="1.0" encoding="UTF-8"?>
<testng-results skipped="0" failed="0" ignored="0" total="12" passed="12">
  <reporter-output>
  </reporter-output>
  <suite name="Suite" duration-ms="114" started-at="2021-11-08T03:11:27Z" finished-at="2021-11-08T03:11:27Z">
    <groups>
    </groups>
    <test name="Test0" duration-ms="94" started-at="2021-11-08T03:11:27Z" finished-at="2021-11-08T03:11:27Z">
      <class name="org.Test.ParallelExecution">
        <test-method status="PASS" signature="tc0()[pri:0, instance:org.Test.ParallelExecution@1a968a59]" name="tc0" duration-ms="16" started-at="2021-11-08T03:11:27Z" finished-at="2021-11-08T03:11:27Z">
          <reporter-output>
          </reporter-output>
        </test-method> <!-- tc0 -->
        <test-method status="PASS" signature="tc1()[pri:0, instance:org.Test.ParallelExecution@1a968a59]" name="tc1" duration-ms="5" started-at="2021-11-08T03:11:27Z" finished-at="2021-11-08T03:11:27Z">
          <reporter-output>
          </reporter-output>
        </test-method> <!-- tc1 -->
        <test-method status="PASS" signature="tc2()[pri:0, instance:org.Test.ParallelExecution@1a968a59]" name="tc2" duration-ms="6" started-at="2021-11-08T03:11:27Z" finished-at="2021-11-08T03:11:27Z">
          <reporter-output>
          </reporter-output>
        </test-method> <!-- tc2 -->
        <test-method status="PASS" signature="tc3()[pri:0, instance:org.Test.ParallelExecution@1a968a59]" name="tc3" duration-ms="20" started-at="2021-11-08T03:11:27Z" finished-at="2021-11-08T03:11:27Z">
          <reporter-output>
          </reporter-output>
        </test-method> <!-- tc3 -->
      </class> <!-- org.Test.ParallelExecution -->
    </test> <!-- Test0 -->
    <test name="Test2" duration-ms="114" started-at="2021-11-08T03:11:27Z" finished-at="2021-11-08T03:11:27Z">
      <class name="org.Test.ParallelExecution2">
        <test-method status="PASS" signature="tc10()[pri:0, instance:org.Test.ParallelExecution2@4566e5bd]" name="tc10" duration-ms="16" started-at="2021-11-08T03:11:27Z" finished-at="2021-11-08T03:11:27Z">
          <reporter-output>
          </reporter-output>
        </test-method> <!-- tc10 -->
        <test-method status="PASS" signature="tc11()[pri:0, instance:org.Test.ParallelExecution2@4566e5bd]" name="tc11" duration-ms="6" started-at="2021-11-08T03:11:27Z" finished-at="2021-11-08T03:11:27Z">
          <reporter-output>
          </reporter-output>
        </test-method> <!-- tc11 -->
        <test-method status="PASS" signature="tc8()[pri:0, instance:org.Test.ParallelExecution2@4566e5bd]" name="tc8" duration-ms="5" started-at="2021-11-08T03:11:27Z" finished-at="2021-11-08T03:11:27Z">
          <reporter-output>
          </reporter-output>
        </test-method> <!-- tc8 -->
        <test-method status="PASS" signature="tc9()[pri:0, instance:org.Test.ParallelExecution2@4566e5bd]" name="tc9" duration-ms="5" started-at="2021-11-08T03:11:27Z" finished-at="2021-11-08T03:11:27Z">
          <reporter-output>
          </reporter-output>
        </test-method> <!-- tc9 -->
      </class> <!-- org.Test.ParallelExecution2 -->
    </test> <!-- Test2 -->
    <test name="Test1" duration-ms="77" started-at="2021-11-08T03:11:27Z" finished-at="2021-11-08T03:11:27Z">
      <class name="org.Test.ParallelExecution1">
        <test-method status="PASS" signature="tc4()[pri:0, instance:org.Test.ParallelExecution1@72d818d1]" name="tc4" duration-ms="16" started-at="2021-11-08T03:11:27Z" finished-at="2021-11-08T03:11:27Z">
          <reporter-output>
          </reporter-output>
        </test-method> <!-- tc4 -->
        <test-method status="PASS" signature="tc5()[pri:0, instance:org.Test.ParallelExecution1@72d818d1]" name="tc5" duration-ms="3" started-at="2021-11-08T03:11:27Z" finished-at="2021-11-08T03:11:27Z">
          <reporter-output>
          </reporter-output>
        </test-method> <!-- tc5 -->
        <test-method status="PASS" signature="tc6()[pri:0, instance:org.Test.ParallelExecution1@72d818d1]" name="tc6" duration-ms="3" started-at="2021-11-08T03:11:27Z" finished-at="2021-11-08T03:11:27Z">
          <reporter-output>
          </reporter-output>
        </test-method> <!-- tc6 -->
        <test-method status="PASS" signature="tc7()[pri:0, instance:org.Test.ParallelExecution1@72d818d1]" name="tc7" duration-ms="3" started-at="2021-11-08T03:11:27Z" finished-at="2021-11-08T03:11:27Z">
          <reporter-output>
          </reporter-output>
        </test-method> <!-- tc7 -->
      </class> <!-- org.Test.ParallelExecution1 -->
    </test> <!-- Test1 -->
  </suite> <!-- Suite -->
</testng-results>
