<?xml version="1.0" encoding="UTF-8"?>
<!-- Generated by org.testng.reporters.JUnitXMLReporter -->
<testsuite hostname="Success" ignored="2" name="Test(failed)(failed)(failed)" tests="5" failures="1" timestamp="07 Nov 2021 13:33:24 GMT" time="0.071" errors="0">
  <testcase name="tc1" time="0.011" classname="org.Test.ReRun">
    <skipped/>
  </testcase> <!-- tc1 -->
  <testcase name="tc1" time="0.002" classname="org.Test.ReRun">
    <skipped/>
  </testcase> <!-- tc1 -->
  <testcase name="tc1" time="0.002" classname="org.Test.ReRun">
    <skipped/>
  </testcase> <!-- tc1 -->
  <testcase name="tc1" time="0.001" classname="org.Test.ReRun">
    <skipped/>
  </testcase> <!-- tc1 -->
  <testcase name="tc1" time="0.0" classname="org.Test.ReRun">
    <failure type="java.lang.AssertionError" message="expected [true] but found [false]">
      <![CDATA[java.lang.AssertionError: expected [true] but found [false]
at org.Test.ReRun.tc1(ReRun.java:14)
... Removed 29 stack frames]]>
    </failure>
  </testcase> <!-- tc1 -->
  <testcase name="tc0" time="0.0" classname="org.Test.ReRun">
    <ignored/>
  </testcase> <!-- tc0 -->
  <testcase name="tc2" time="0.0" classname="org.Test.ReRun">
    <ignored/>
  </testcase> <!-- tc2 -->
</testsuite> <!-- Test(failed)(failed)(failed) -->
